#
# There is insufficient memory for the Java Runtime Environment to continue.
# Native memory allocation (mmap) failed to map 201326592 bytes for G1 virtual space
# Possible reasons:
#   The system is out of physical RAM or swap space
#   The process is running with CompressedOops enabled, and the Java Heap may be blocking the growth of the native heap
# Possible solutions:
#   Reduce memory load on the system
#   Increase physical memory or swap space
#   Check if swap backing store is full
#   Decrease Java heap size (-Xmx/-Xms)
#   Decrease number of Java threads
#   Decrease Java thread stack sizes (-Xss)
#   Set larger code cache with -XX:ReservedCodeCacheSize=
#   JVM is running with Zero Based Compressed Oops mode in which the Java heap is
#     placed in the first 32GB address space. The Java Heap base address is the
#     maximum limit for the native heap growth. Please use -XX:HeapBaseMinAddress
#     to set the Java Heap base and to place the Java Heap above 32GB virtual address.
# This output file may be truncated or incomplete.
#
#  Out of Memory Error (os_windows.cpp:3771), pid=1864, tid=5612
#
# JRE version:  (17.0.7) (build )
# Java VM: OpenJDK 64-Bit Server VM (17.0.7+0-b2043.56-10550314, mixed mode, sharing, tiered, compressed oops, compressed class ptrs, g1 gc, windows-amd64)
# No core dump will be written. Minidumps are not enabled by default on client versions of Windows
#

---------------  S U M M A R Y ------------

Command Line: org.jetbrains.kotlin.cli.jvm.K2JVMCompiler @C:\Users\clebe\Desktop\My_Portifoli\app\build\20240202_14131303158158233499.compiler.options

Host: Intel(R) Celeron(R) CPU 3865U @ 1.80GHz, 2 cores, 11G,  Windows 11 , 64 bit Build 22000 (10.0.22000.2538)
Time: Fri Feb  2 21:35:39 2024 Hora oficial do Brasil elapsed time: 0.034078 seconds (0d 0h 0m 0s)

---------------  T H R E A D  ---------------

Current thread (0x00000254eb87d210):  JavaThread "Unknown thread" [_thread_in_vm, id=5612, stack(0x000000b97dc00000,0x000000b97dd00000)]

Stack: [0x000000b97dc00000,0x000000b97dd00000]
Native frames: (J=compiled Java code, j=interpreted, Vv=VM code, C=native code)
V  [jvm.dll+0x683bfa]
V  [jvm.dll+0x8430a4]
V  [jvm.dll+0x8449be]
V  [jvm.dll+0x845023]
V  [jvm.dll+0x24ad2f]
V  [jvm.dll+0x680ac9]
V  [jvm.dll+0x67519a]
V  [jvm.dll+0x30b3cb]
V  [jvm.dll+0x312876]
V  [jvm.dll+0x36221e]
V  [jvm.dll+0x36244f]
V  [jvm.dll+0x2e14a8]
V  [jvm.dll+0x2e2414]
V  [jvm.dll+0x814391]
V  [jvm.dll+0x36ffe1]
V  [jvm.dll+0x7f396c]
V  [jvm.dll+0x3f305f]
V  [jvm.dll+0x3f4b91]
C  [jli.dll+0x528f]
C  [ucrtbase.dll+0x26c0c]
C  [KERNEL32.DLL+0x153e0]
C  [ntdll.dll+0x485b]


---------------  P R O C E S S  ---------------

Threads class SMR info:
_java_thread_list=0x00007ffc3d02d098, length=0, elements={
}

Java Threads: ( => current thread )

Other Threads:
  0x00000254eb8d4f60 GCTaskThread "GC Thread#0" [stack: 0x000000b97dd00000,0x000000b97de00000] [id=9608]
  0x00000254eb8e1d60 ConcurrentGCThread "G1 Main Marker" [stack: 0x000000b97de00000,0x000000b97df00000] [id=7572]
  0x00000254eb8e2f10 ConcurrentGCThread "G1 Conc#0" [stack: 0x000000b97df00000,0x000000b97e000000] [id=9436]

[error occurred during error reporting (printing all threads), id 0xc0000005, EXCEPTION_ACCESS_VIOLATION (0xc0000005) at pc=0x00007ffc3c7e2087]

VM state: not at safepoint (not fully initialized)

VM Mutex/Monitor currently owned by a thread:  ([mutex/lock_event])
[0x00000254eb878b00] Heap_lock - owner thread: 0x00000254eb87d210

Heap address: 0x0000000741400000, size: 3052 MB, Compressed Oops mode: Zero based, Oop shift amount: 3

CDS archive(s) mapped at: [0x0000000000000000-0x0000000000000000-0x0000000000000000), size 0, SharedBaseAddress: 0x0000000800000000, ArchiveRelocationMode: 0.
Narrow klass base: 0x0000000000000000, Narrow klass shift: 0, Narrow klass range: 0x0

GC Precious Log:
<Empty>

Heap:
 garbage-first heap   total 0K, used 0K [0x0000000741400000, 0x0000000800000000)
  region size 2048K, 0 young (0K), 0 survivors (0K)
 Metaspace       used 0K, committed 0K, reserved 0K
  class space    used 0K, committed 0K, reserved 0K

Heap Regions: E=young(eden), S=young(survivor), O=old, HS=humongous(starts), HC=humongous(continues), CS=collection set, F=free, OA=open archive, CA=closed archive, TAMS=top-at-mark-start (previous, next)

Card table byte_map: [0x00000254fe360000,0x00000254fe960000] _byte_map_base: 0x00000254fa956000

Marking Bits (Prev, Next): (CMBitMap*) 0x00000254eb8d5570, (CMBitMap*) 0x00000254eb8d55b0
 Prev Bits: [0x0000025480000000, 0x0000025482fb0000)
 Next Bits: [0x0000025482fb0000, 0x0000025485f60000)

GC Heap History (0 events):
No events

Dll operation events (1 events):
Event: 0.021 Loaded shared library C:\Program Files\Android\Android Studio\jbr\bin\java.dll

Deoptimization events (0 events):
No events

Classes unloaded (0 events):
No events

Classes redefined (0 events):
No events

Internal exceptions (0 events):
No events

VM Operations (0 events):
No events

Events (0 events):
No events


Dynamic libraries:
0x00007ff6273d0000 - 0x00007ff6273da000 	C:\Program Files\Android\Android Studio\jbr\bin\java.exe
0x00007ffc88080000 - 0x00007ffc88289000 	C:\WINDOWS\SYSTEM32\ntdll.dll
0x00007ffc87520000 - 0x00007ffc875dd000 	C:\WINDOWS\System32\KERNEL32.DLL
0x00007ffc85510000 - 0x00007ffc85894000 	C:\WINDOWS\System32\KERNELBASE.dll
0x00007ffc859e0000 - 0x00007ffc85af1000 	C:\WINDOWS\System32\ucrtbase.dll
0x00007ffc79710000 - 0x00007ffc79727000 	C:\Program Files\Android\Android Studio\jbr\bin\jli.dll
0x00007ffc86ca0000 - 0x00007ffc86e4d000 	C:\WINDOWS\System32\USER32.dll
0x00007ffc859b0000 - 0x00007ffc859d6000 	C:\WINDOWS\System32\win32u.dll
0x00007ffc86120000 - 0x00007ffc8614a000 	C:\WINDOWS\System32\GDI32.dll
0x00007ffc85b00000 - 0x00007ffc85c1e000 	C:\WINDOWS\System32\gdi32full.dll
0x00007ffc858a0000 - 0x00007ffc8593d000 	C:\WINDOWS\System32\msvcp_win.dll
0x00007ffc70a80000 - 0x00007ffc70a9b000 	C:\Program Files\Android\Android Studio\jbr\bin\VCRUNTIME140.dll
0x00007ffc72880000 - 0x00007ffc72b25000 	C:\WINDOWS\WinSxS\amd64_microsoft.windows.common-controls_6595b64144ccf1df_6.0.22000.120_none_9d947278b86cc467\COMCTL32.dll
0x00007ffc87f90000 - 0x00007ffc88033000 	C:\WINDOWS\System32\msvcrt.dll
0x00007ffc86070000 - 0x00007ffc860a1000 	C:\WINDOWS\System32\IMM32.DLL
0x00007ffc74570000 - 0x00007ffc7457c000 	C:\Program Files\Android\Android Studio\jbr\bin\vcruntime140_1.dll
0x00007ffc62b80000 - 0x00007ffc62c0d000 	C:\Program Files\Android\Android Studio\jbr\bin\msvcp140.dll
0x00007ffc3c4f0000 - 0x00007ffc3d170000 	C:\Program Files\Android\Android Studio\jbr\bin\server\jvm.dll
0x00007ffc86bf0000 - 0x00007ffc86c9e000 	C:\WINDOWS\System32\ADVAPI32.dll
0x00007ffc86f70000 - 0x00007ffc8700e000 	C:\WINDOWS\System32\sechost.dll
0x00007ffc87810000 - 0x00007ffc87931000 	C:\WINDOWS\System32\RPCRT4.dll
0x00007ffc806e0000 - 0x00007ffc80713000 	C:\WINDOWS\SYSTEM32\WINMM.dll
0x00007ffc81eb0000 - 0x00007ffc81eb9000 	C:\WINDOWS\SYSTEM32\WSOCK32.dll
0x00007ffc792e0000 - 0x00007ffc792ea000 	C:\WINDOWS\SYSTEM32\VERSION.dll
0x00007ffc87ec0000 - 0x00007ffc87f2f000 	C:\WINDOWS\System32\WS2_32.dll
0x00007ffc844c0000 - 0x00007ffc844d8000 	C:\WINDOWS\SYSTEM32\kernel.appcore.dll
0x00007ffc81ea0000 - 0x00007ffc81eaa000 	C:\Program Files\Android\Android Studio\jbr\bin\jimage.dll
0x00007ffc71d80000 - 0x00007ffc71fa1000 	C:\WINDOWS\SYSTEM32\DBGHELP.DLL
0x00007ffc71d10000 - 0x00007ffc71d41000 	C:\WINDOWS\SYSTEM32\dbgcore.DLL
0x00007ffc85d90000 - 0x00007ffc85e0f000 	C:\WINDOWS\System32\bcryptPrimitives.dll
0x00007ffc819a0000 - 0x00007ffc819c5000 	C:\Program Files\Android\Android Studio\jbr\bin\java.dll

dbghelp: loaded successfully - version: 4.0.5 - missing functions: none
symbol engine: initialized successfully - sym options: 0x614 - pdb path: .;C:\Program Files\Android\Android Studio\jbr\bin;C:\WINDOWS\SYSTEM32;C:\WINDOWS\WinSxS\amd64_microsoft.windows.common-controls_6595b64144ccf1df_6.0.22000.120_none_9d947278b86cc467;C:\Program Files\Android\Android Studio\jbr\bin\server

VM Arguments:
java_command: org.jetbrains.kotlin.cli.jvm.K2JVMCompiler @C:\Users\clebe\Desktop\My_Portifoli\app\build\20240202_14131303158158233499.compiler.options
java_class_path (initial): C:\Users\clebe\.gradle\caches\modules-2\files-2.1\org.jetbrains.kotlin\kotlin-compiler-embeddable\1.9.22\9cd4dc7773cf2a99ecd961a88fbbc9a2da3fb5e1\kotlin-compiler-embeddable-1.9.22.jar;C:\Users\clebe\.gradle\caches\modules-2\files-2.1\org.jetbrains.kotlin\kotlin-stdlib\1.9.22\d6c44cd08d8f3f9bece8101216dbe6553365c6e3\kotlin-stdlib-1.9.22.jar;C:\Users\clebe\.gradle\caches\modules-2\files-2.1\org.jetbrains.kotlin\kotlin-script-runtime\1.9.22\f8139a46fc677ec9badc49ae954392f4f5e7e7c7\kotlin-script-runtime-1.9.22.jar;C:\Users\clebe\.gradle\caches\modules-2\files-2.1\org.jetbrains.kotlin\kotlin-reflect\1.6.10\1cbe9c92c12a94eea200d23c2bbaedaf3daf5132\kotlin-reflect-1.6.10.jar;C:\Users\clebe\.gradle\caches\modules-2\files-2.1\org.jetbrains.kotlin\kotlin-daemon-embeddable\1.9.22\20e2c5df715f3240c765cfc222530e2796542021\kotlin-daemon-embeddable-1.9.22.jar;C:\Users\clebe\.gradle\caches\modules-2\files-2.1\org.jetbrains.intellij.deps\trove4j\1.0.20200330\3afb14d5f9ceb459d724e907a21145e8ff394f02\trove4j-1.0.20200330.jar;C:\Users\clebe\.gradle\caches\modules-2\files-2.1\org.jetbrains\annotations\13.0\919f0dfe192fb4e063e7dacadee7f8bb9a2672a9\annotations-13.0.jar
Launcher Type: SUN_STANDARD

[Global flags]
     intx CICompilerCount                          = 2                                         {product} {ergonomic}
     uint ConcGCThreads                            = 1                                         {product} {ergonomic}
     uint G1ConcRefinementThreads                  = 2                                         {product} {ergonomic}
   size_t G1HeapRegionSize                         = 2097152                                   {product} {ergonomic}
    uintx GCDrainStackTargetSize                   = 64                                        {product} {ergonomic}
   size_t InitialHeapSize                          = 201326592                                 {product} {ergonomic}
   size_t MarkStackSize                            = 4194304                                   {product} {ergonomic}
   size_t MaxHeapSize                              = 3200253952                                {product} {ergonomic}
   size_t MinHeapDeltaBytes                        = 2097152                                   {product} {ergonomic}
   size_t MinHeapSize                              = 8388608                                   {product} {ergonomic}
    uintx NonNMethodCodeHeapSize                   = 5826188                                {pd product} {ergonomic}
    uintx NonProfiledCodeHeapSize                  = 122916026                              {pd product} {ergonomic}
    uintx ProfiledCodeHeapSize                     = 122916026                              {pd product} {ergonomic}
    uintx ReservedCodeCacheSize                    = 251658240                              {pd product} {ergonomic}
     bool SegmentedCodeCache                       = true                                      {product} {ergonomic}
   size_t SoftMaxHeapSize                          = 3200253952                             {manageable} {ergonomic}
     bool UseCompressedClassPointers               = true                           {product lp64_product} {ergonomic}
     bool UseCompressedOops                        = true                           {product lp64_product} {ergonomic}
     bool UseG1GC                                  = true                                      {product} {ergonomic}
     bool UseLargePagesIndividualAllocation        = false                                  {pd product} {ergonomic}

Logging:
Log output configuration:
 #0: stdout all=warning uptime,level,tags
 #1: stderr all=off uptime,level,tags

Environment Variables:
JAVA_HOME=C:\Program Files\Java\jdk-21\bin
CLASSPATH=.;
PATH=C:\Program Files\Common Files\Oracle\Java\javapath;%INTEL_DEV_REDIST%redist\intel64\compiler;C:\Program Files (x86)\Intel\iCLS Client\;C:\Program Files\Intel\iCLS Client\;C:\WINDOWS\system32;C:\WINDOWS;C:\WINDOWS\System32\Wbem;C:\WINDOWS\System32\WindowsPowerShell\v1.0\;C:\WINDOWS\System32\OpenSSH\;%JAVA-HOME%\bin;C:\platform-tools;C:\Program Files\OpenJDK\openjdk-8u282-b08\bin;C:\users\clebe\AppData\Local\Android\Sdk;C:\ProgramData\chocolatey\bin;C:\ProgramData\UNIVALI\Portugol Studio;C:\Program Files (x86)\dotnet\;C:\Program Files\dotnet\;C:\Program Files\Git\cmd;C:\Program Files\nodejs\;C:\Program Files (x86)\Microsoft SQL Server\160\Tools\Binn\;C:\Program Files\Microsoft SQL Server\160\Tools\Binn\;C:\Program Files\Microsoft SQL Server\Client SDK\ODBC\170\Tools\Binn\;C:\Program Files\Microsoft SQL Server\160\DTS\Binn\;C:\Program Files\Maven\apache-maven-3.9.4\bin;C:\Program Files\MySQL\MySQL Shell 8.0\bin\;C:\Users\clebe\AppData\Local\Microsoft\WindowsApps;C:\Users\clebe\AppData\Local\Programs\Microsoft VS Code\bin;C:/users/clebe/AppData/Local/Android/Sdk\emulator;C:/users/clebe/AppData/Local/Android/Sdk\tools\bin;C:/users/clebe/AppData/Local/Android/Sdk\platform-tools;C:/users/clebe/AppData/Local/Android/Sdk\tools;C:\Program Files\heroku\bin;C:\Program Files\JetBrains\PyCharm Community Edition 2021.3.3\bin;;C:\Users\clebe\AppData\Local\GitHubDesktop\bin;C:\Program Files\Azure Data Studio\bin;C:\Users\clebe\.dotnet\tools;C:\Users\clebe\AppData\Roaming\npm;C:\Program Files\JetBrains\IntelliJ IDEA 2023.1.3\bin;;C:\Program Files\Java\jdk-21\;
USERNAME=clebe
OS=Windows_NT
PROCESSOR_IDENTIFIER=Intel64 Family 6 Model 142 Stepping 9, GenuineIntel
TMP=C:\Users\clebe\AppData\Local\Temp
TEMP=C:\Users\clebe\AppData\Local\Temp


JNI global refs:
JNI global refs: 0, weak refs: 0

JNI global refs memory usage: 0, weak refs: 0

OOME stack traces (most recent first):
Classloader memory used:


---------------  S Y S T E M  ---------------

OS:
 Windows 11 , 64 bit Build 22000 (10.0.22000.2538)
OS uptime: 0 days 2:06 hours

CPU: total 2 (initial active 2) (2 cores per cpu, 1 threads per core) family 6 model 142 stepping 9 microcode 0xde, cx8, cmov, fxsr, mmx, 3dnowpref, sse, sse2, sse3, ssse3, sse4.1, sse4.2, popcnt, lzcnt, tsc, tscinvbit, aes, erms, clmul, clflush, clflushopt

Memory: 4k page, system-wide physical 12201M (1358M free)
TotalPageFile size 14249M (AvailPageFile size 91M)
current process WorkingSet (physical memory assigned to process): 10M, peak: 10M
current process commit charge ("private bytes"): 47M, peak: 239M

vm_info: OpenJDK 64-Bit Server VM (17.0.7+0-b2043.56-10550314) for windows-amd64 JRE (17.0.7+0-b2043.56-10550314), built on Jul 24 2023 18:27:45 by "androidbuild" with MS VC++ 16.10 / 16.11 (VS2019)

END.
